<?xml version="1.0" encoding="UTF-8"?>
<testsuite xmlns:xsi="http://www.w3.org/2001/XMLSchema-instance" xsi:noNamespaceSchemaLocation="https://maven.apache.org/surefire/maven-surefire-plugin/xsd/surefire-test-report-3.0.xsd" version="3.0" name="com.medico.paciente.controller.PacienteControllerTest" time="4.055" tests="5" errors="0" skipped="0" failures="0">
  <properties>
[...]
</properties>
  <testcase name="testGetPacienteById" classname="com.medico.paciente.controller.PacienteControllerTest" time="0.332">
    <system-out><![CDATA[
  .   ____          _            __ _ _
 /\\ / ___'_ __ _ _(_)_ __  __ _ \ \ \ \
( ( )\___ | '_ | '_| | '_ \/ _` | \ \ \ \
 \\/  ___)| |_)| | | | | || (_| |  ) ) ) )
  '  |____| .__|_| |_|_| |_\__, | / / / /
 =========|_|==============|___/=/_/_/_/
 :: Spring Boot ::                (v3.2.5)

2026-07-10T22:58:58.146-04:00  INFO 5684 --- [ms-pacientes] [           main] c.m.p.controller.PacienteControllerTest  : Starting PacienteControllerTest using Java 21.0.5 with PID 5684 (started by Gamer in C:\Users\Gamer\Documents\PROYEKTO\ProyectoMedicoUltimo-main2\ms-pacientes)
2026-07-10T22:58:58.147-04:00  INFO 5684 --- [ms-pacientes] [           main] c.m.p.controller.PacienteControllerTest  : No active profile set, falling back to 1 default profile: "default"
2026-07-10T22:58:58.186-04:00 DEBUG 5684 --- [ms-pacientes] [           main] o.s.w.c.s.GenericWebApplicationContext   : Refreshing org.springframework.web.context.support.GenericWebApplicationContext@18ca9277
2026-07-10T22:58:59.846-04:00 DEBUG 5684 --- [ms-pacientes] [           main] s.w.s.m.m.a.RequestMappingHandlerMapping : 8 mappings in 'requestMappingHandlerMapping'
2026-07-10T22:58:59.989-04:00 DEBUG 5684 --- [ms-pacientes] [           main] o.s.w.s.handler.SimpleUrlHandlerMapping  : Patterns [/webjars/**, /**] in 'resourceHandlerMapping'
2026-07-10T22:59:00.058-04:00 DEBUG 5684 --- [ms-pacientes] [           main] s.w.s.m.m.a.RequestMappingHandlerAdapter : ControllerAdvice beans: 0 @ModelAttribute, 0 @InitBinder, 1 RequestBodyAdvice, 1 ResponseBodyAdvice
2026-07-10T22:59:00.144-04:00 DEBUG 5684 --- [ms-pacientes] [           main] .m.m.a.ExceptionHandlerExceptionResolver : ControllerAdvice beans: 0 @ExceptionHandler, 1 ResponseBodyAdvice
2026-07-10T22:59:00.266-04:00  INFO 5684 --- [ms-pacientes] [           main] o.s.b.t.m.w.SpringBootMockServletContext : Initializing Spring TestDispatcherServlet ''
2026-07-10T22:59:00.266-04:00  INFO 5684 --- [ms-pacientes] [           main] o.s.t.web.servlet.TestDispatcherServlet  : Initializing Servlet ''
2026-07-10T22:59:00.268-04:00  INFO 5684 --- [ms-pacientes] [           main] o.s.t.web.servlet.TestDispatcherServlet  : Completed initialization in 1 ms
2026-07-10T22:59:00.305-04:00  INFO 5684 --- [ms-pacientes] [           main] c.m.p.controller.PacienteControllerTest  : Started PacienteControllerTest in 2.979 seconds (process running for 6.59)
2026-07-10T22:59:00.396-04:00 DEBUG 5684 --- [ms-pacientes] [           main] s.w.s.m.m.a.RequestMappingHandlerMapping : Mapped to com.duoc.ms_pacientes.controller.PacienteController#obtenerPorId(Long)
2026-07-10T22:59:00.431-04:00  INFO 5684 --- [ms-pacientes] [           main] c.d.m.controller.PacienteController      : Buscando paciente con ID: 1
2026-07-10T22:59:00.432-04:00  INFO 5684 --- [ms-pacientes] [           main] c.d.m.controller.PacienteController      : Paciente encontrado: Juan
2026-07-10T22:59:00.511-04:00 DEBUG 5684 --- [ms-pacientes] [           main] o.s.w.s.m.m.a.HttpEntityMethodProcessor  : Using 'application/json', given [*/*] and supported [application/json, application/*+json]
2026-07-10T22:59:00.515-04:00 DEBUG 5684 --- [ms-pacientes] [           main] o.s.w.s.m.m.a.HttpEntityMethodProcessor  : Writing [Paciente(id=1, run=12345678, nombres=Juan, apellidos=Pérez, fechaNacimiento=1990-01-01, correo=juan@ (truncated)...]
]]></system-out>
  </testcase>
  <testcase name="testGetAllPacientes" classname="com.medico.paciente.controller.PacienteControllerTest" time="0.016">
    <system-out><![CDATA[2026-07-10T22:59:00.653-04:00 DEBUG 5684 --- [ms-pacientes] [           main] s.w.s.m.m.a.RequestMappingHandlerMapping : Mapped to com.duoc.ms_pacientes.controller.PacienteController#listar()
2026-07-10T22:59:00.654-04:00  INFO 5684 --- [ms-pacientes] [           main] c.d.m.controller.PacienteController      : Listando todos los pacientes
2026-07-10T22:59:00.654-04:00  INFO 5684 --- [ms-pacientes] [           main] c.d.m.controller.PacienteController      : Se encontraron 1 pacientes
2026-07-10T22:59:00.656-04:00 DEBUG 5684 --- [ms-pacientes] [           main] o.s.w.s.m.m.a.HttpEntityMethodProcessor  : Using 'application/json', given [*/*] and supported [application/json, application/*+json]
2026-07-10T22:59:00.656-04:00 DEBUG 5684 --- [ms-pacientes] [           main] o.s.w.s.m.m.a.HttpEntityMethodProcessor  : Writing [[Paciente(id=1, run=12345678, nombres=Juan, apellidos=Pérez, fechaNacimiento=1990-01-01, correo=juan (truncated)...]
]]></system-out>
  </testcase>
  <testcase name="testUpdatePaciente" classname="com.medico.paciente.controller.PacienteControllerTest" time="0.211">
    <system-out><![CDATA[2026-07-10T22:59:00.674-04:00 DEBUG 5684 --- [ms-pacientes] [           main] s.w.s.m.m.a.RequestMappingHandlerMapping : Mapped to com.duoc.ms_pacientes.controller.PacienteController#actualizar(Long, Paciente)
2026-07-10T22:59:00.741-04:00 DEBUG 5684 --- [ms-pacientes] [           main] m.m.a.RequestResponseBodyMethodProcessor : Read "application/json;charset=UTF-8" to [Paciente(id=1, run=12345678, nombres=Juan, apellidos=Pérez, fechaNacimiento=1990-01-01, correo=juan@ (truncated)...]
2026-07-10T22:59:00.874-04:00  INFO 5684 --- [ms-pacientes] [           main] c.d.m.controller.PacienteController      : Actualizando paciente con ID: 1
2026-07-10T22:59:00.875-04:00  INFO 5684 --- [ms-pacientes] [           main] c.d.m.controller.PacienteController      : Paciente actualizado exitosamente
2026-07-10T22:59:00.876-04:00 DEBUG 5684 --- [ms-pacientes] [           main] o.s.w.s.m.m.a.HttpEntityMethodProcessor  : Using 'application/json', given [*/*] and supported [application/json, application/*+json]
2026-07-10T22:59:00.876-04:00 DEBUG 5684 --- [ms-pacientes] [           main] o.s.w.s.m.m.a.HttpEntityMethodProcessor  : Writing [Paciente(id=1, run=12345678, nombres=Juan, apellidos=Pérez, fechaNacimiento=1990-01-01, correo=juan@ (truncated)...]
]]></system-out>
  </testcase>
  <testcase name="testCreatePaciente" classname="com.medico.paciente.controller.PacienteControllerTest" time="0.009">
    <system-out><![CDATA[2026-07-10T22:59:00.883-04:00 DEBUG 5684 --- [ms-pacientes] [           main] s.w.s.m.m.a.RequestMappingHandlerMapping : Mapped to com.duoc.ms_pacientes.controller.PacienteController#guardar(Paciente)
2026-07-10T22:59:00.884-04:00 DEBUG 5684 --- [ms-pacientes] [           main] m.m.a.RequestResponseBodyMethodProcessor : Read "application/json;charset=UTF-8" to [Paciente(id=1, run=12345678, nombres=Juan, apellidos=Pérez, fechaNacimiento=1990-01-01, correo=juan@ (truncated)...]
2026-07-10T22:59:00.885-04:00  INFO 5684 --- [ms-pacientes] [           main] c.d.m.controller.PacienteController      : Creando nuevo paciente: Juan Pérez
2026-07-10T22:59:00.885-04:00  INFO 5684 --- [ms-pacientes] [           main] c.d.m.controller.PacienteController      : Paciente creado exitosamente con ID: 1
2026-07-10T22:59:00.886-04:00 DEBUG 5684 --- [ms-pacientes] [           main] o.s.w.s.m.m.a.HttpEntityMethodProcessor  : Using 'application/json', given [*/*] and supported [application/json, application/*+json]
2026-07-10T22:59:00.886-04:00 DEBUG 5684 --- [ms-pacientes] [           main] o.s.w.s.m.m.a.HttpEntityMethodProcessor  : Writing [Paciente(id=1, run=12345678, nombres=Juan, apellidos=Pérez, fechaNacimiento=1990-01-01, correo=juan@ (truncated)...]
]]></system-out>
  </testcase>
  <testcase name="testDeletePaciente" classname="com.medico.paciente.controller.PacienteControllerTest" time="0.015">
    <system-out><![CDATA[2026-07-10T22:59:00.894-04:00 DEBUG 5684 --- [ms-pacientes] [           main] s.w.s.m.m.a.RequestMappingHandlerMapping : Mapped to com.duoc.ms_pacientes.controller.PacienteController#eliminar(Long)
2026-07-10T22:59:00.895-04:00  INFO 5684 --- [ms-pacientes] [           main] c.d.m.controller.PacienteController      : Eliminando paciente con ID: 1
2026-07-10T22:59:00.896-04:00  INFO 5684 --- [ms-pacientes] [           main] c.d.m.controller.PacienteController      : Paciente eliminado: Paciente eliminado exitosamente
2026-07-10T22:59:00.899-04:00 DEBUG 5684 --- [ms-pacientes] [           main] o.s.w.s.m.m.a.HttpEntityMethodProcessor  : Using 'application/json', given [*/*] and supported [application/json, application/*+json]
2026-07-10T22:59:00.899-04:00 DEBUG 5684 --- [ms-pacientes] [           main] o.s.w.s.m.m.a.HttpEntityMethodProcessor  : Writing [{mensaje=Paciente eliminado exitosamente, id=1}]
]]></system-out>
  </testcase>
</testsuite>